<?xml version="1.0" encoding="UTF-8"?>
<robot generator="Robot 3.2.1 (Python 3.8.5 on win32)" generated="20200728 09:40:56.987" rpa="false">
<suite id="s1" name="Test" source="c:\Users\tafc\Desktop\Estudo Robot\robot\test.robot">
<test id="s1-t1" name="Deve retornar mensagem de boas vindas">
<kw name="Welcome" library="app">
<arguments>
<arg>Thun An</arg>
</arguments>
<assign>
<var>${result}</var>
</assign>
<msg timestamp="20200728 09:40:57.020" level="INFO">${result} = Olá Thun An, bem vindo ao curso de Robot Framework</msg>
<status status="PASS" starttime="20200728 09:40:57.020" endtime="20200728 09:40:57.020"></status>
</kw>
<kw name="Log To Console" library="BuiltIn">
<doc>Logs the given message to the console.</doc>
<arguments>
<arg>${result}</arg>
</arguments>
<status status="PASS" starttime="20200728 09:40:57.021" endtime="20200728 09:40:57.021"></status>
</kw>
<kw name="Should Be Equal" library="BuiltIn">
<doc>Fails if the given objects are unequal.</doc>
<arguments>
<arg>${result}</arg>
<arg>Olá Thun An, bem vindo ao curso de Robot Framework</arg>
</arguments>
<status status="PASS" starttime="20200728 09:40:57.022" endtime="20200728 09:40:57.022"></status>
</kw>
<status status="PASS" starttime="20200728 09:40:57.019" endtime="20200728 09:40:57.023" critical="yes"></status>
</test>
<status status="PASS" starttime="20200728 09:40:56.990" endtime="20200728 09:40:57.024"></status>
</suite>
<statistics>
<total>
<stat pass="1" fail="0">Critical Tests</stat>
<stat pass="1" fail="0">All Tests</stat>
</total>
<tag>
</tag>
<suite>
<stat pass="1" fail="0" id="s1" name="Test">Test</stat>
</suite>
</statistics>
<errors>
</errors>
</robot>
