<?xml version="1.0" encoding="UTF-8"?>
<robot generator="Robot 3.2.1 (Python 3.8.5 on win32)" generated="20200728 14:57:16.279" rpa="false">
<suite id="s1" name="checkboxComHerancaBase" source="c:\Users\tafc\Desktop\Estudo Robot\robot\web\checkboxComHerancaBase.robot">
<test id="s1-t1" name="Marcando checkbox por Xpath">
<kw name="Nova sessão" library="base" type="setup">
<kw name="Open Browser" library="SeleniumLibrary">
<doc>Opens a new browser instance to the optional ``url``.</doc>
<arguments>
<arg>${url}</arg>
<arg>chrome</arg>
</arguments>
<msg timestamp="20200728 14:57:16.542" level="INFO">Opening browser 'chrome' to base url 'https://training-wheels-protocol.herokuapp.com'.</msg>
<status status="PASS" starttime="20200728 14:57:16.542" endtime="20200728 14:57:23.080"></status>
</kw>
<status status="PASS" starttime="20200728 14:57:16.541" endtime="20200728 14:57:23.081"></status>
</kw>
<kw name="Go To" library="SeleniumLibrary">
<doc>Navigates the current browser window to the provided ``url``.</doc>
<arguments>
<arg>${url}/checkboxes</arg>
</arguments>
<msg timestamp="20200728 14:57:23.082" level="INFO">Opening url 'https://training-wheels-protocol.herokuapp.com/checkboxes'</msg>
<status status="PASS" starttime="20200728 14:57:23.081" endtime="20200728 14:57:23.466"></status>
</kw>
<kw name="Select Checkbox" library="SeleniumLibrary">
<doc>Selects the checkbox identified by ``locator``.</doc>
<arguments>
<arg>${check_xpath}</arg>
</arguments>
<msg timestamp="20200728 14:57:23.468" level="INFO">Selecting checkbox 'xpath://*[@id='checkboxes']/input[7]'.</msg>
<status status="PASS" starttime="20200728 14:57:23.467" endtime="20200728 14:57:23.610"></status>
</kw>
<kw name="Checkbox Should Be Selected" library="SeleniumLibrary">
<doc>Verifies checkbox ``locator`` is selected/checked.</doc>
<arguments>
<arg>${check_xpath}</arg>
</arguments>
<msg timestamp="20200728 14:57:23.612" level="INFO">Verifying checkbox 'xpath://*[@id='checkboxes']/input[7]' is selected.</msg>
<status status="PASS" starttime="20200728 14:57:23.611" endtime="20200728 14:57:23.649"></status>
</kw>
<kw name="Sleep" library="BuiltIn">
<doc>Pauses the test executed for the given time.</doc>
<arguments>
<arg>15</arg>
</arguments>
<msg timestamp="20200728 14:57:38.660" level="INFO">Slept 15 seconds</msg>
<status status="PASS" starttime="20200728 14:57:23.649" endtime="20200728 14:57:38.660"></status>
</kw>
<kw name="Encerra sessão" library="base" type="teardown">
<kw name="Close Browser" library="SeleniumLibrary">
<doc>Closes the current browser.</doc>
<status status="PASS" starttime="20200728 14:57:38.661" endtime="20200728 14:57:40.897"></status>
</kw>
<status status="PASS" starttime="20200728 14:57:38.661" endtime="20200728 14:57:40.897"></status>
</kw>
<tags>
<tag>ironmanXpath</tag>
</tags>
<status status="PASS" starttime="20200728 14:57:16.541" endtime="20200728 14:57:40.898" critical="yes"></status>
</test>
<status status="PASS" starttime="20200728 14:57:16.283" endtime="20200728 14:57:40.900"></status>
</suite>
<statistics>
<total>
<stat pass="1" fail="0">Critical Tests</stat>
<stat pass="1" fail="0">All Tests</stat>
</total>
<tag>
<stat pass="1" fail="0">ironmanXpath</stat>
</tag>
<suite>
<stat pass="1" fail="0" id="s1" name="checkboxComHerancaBase">checkboxComHerancaBase</stat>
</suite>
</statistics>
<errors>
</errors>
</robot>
